14:30:03.057 [main] INFO  com.test.utilities.Utility - ===================================================================================================================
14:30:03.062 [main] INFO  com.test.utilities.Utility -                                          Testing Execution Starts                                                  
14:30:03.062 [main] INFO  com.test.utilities.Utility - ===================================================================================================================
14:30:03.062 [main] INFO  com.test.utilities.Utility - The Browser is : chromeThe Thread is : 1
14:30:03.142 [main] INFO  com.test.utilities.Utility - Thread is : 1 ---------->> Starting to Load Chrome Browser <<----------
14:30:03.142 [main] INFO  com.test.utilities.Utility - Class Details : com.test.utilities.Utility.load_chrome()
14:30:06.222 [main] INFO  com.test.utilities.Utility - Thread is : 1---------->> Chrome Browser Loaded <<----------
14:30:08.755 [main] INFO  com.test.utilities.Utility - Thread is : 1 ---------->> Starting to Load URL <<----------
14:30:08.755 [main] INFO  com.test.utilities.Utility - Class Details : com.test.utilities.Utility.load_url()
14:30:10.832 [main] INFO  com.test.utilities.Utility - Thread is : 1 ---------->> URL Loaded <<----------
14:30:10.860 [main] INFO  com.test.utilities.Utility - ---------->> In login_Page Method True <<----------
14:30:10.877 [main] INFO  com.test.utilities.Utility - Thread is : 1In set_username Method
14:30:10.877 [main] INFO  com.test.utilities.Utility - Class Details : com.test.businesslogic.LoginPage.set_username(String username)
14:30:10.877 [main] DEBUG com.test.utilities.Utility - UserName Send is : tutorial
14:33:27.015 [main] INFO  com.test.utilities.Utility - ===================================================================================================================
14:33:27.019 [main] INFO  com.test.utilities.Utility -                                          Testing Execution Starts                                                  
14:33:27.019 [main] INFO  com.test.utilities.Utility - ===================================================================================================================
14:33:27.020 [main] INFO  com.test.utilities.Utility - The Browser is : chromeThe Thread is : 1
14:33:27.099 [main] INFO  com.test.utilities.Utility - Thread is : 1 ---------->> Starting to Load Chrome Browser <<----------
14:33:27.099 [main] INFO  com.test.utilities.Utility - Class Details : com.test.utilities.Utility.load_chrome()
14:33:30.969 [main] INFO  com.test.utilities.Utility - Thread is : 1---------->> Chrome Browser Loaded <<----------
14:33:33.587 [main] INFO  com.test.utilities.Utility - Thread is : 1 ---------->> Starting to Load URL <<----------
14:33:33.587 [main] INFO  com.test.utilities.Utility - Class Details : com.test.utilities.Utility.load_url()
14:33:35.637 [main] INFO  com.test.utilities.Utility - Thread is : 1 ---------->> URL Loaded <<----------
14:33:35.664 [main] INFO  com.test.utilities.Utility - ---------->> In login_Page Method True <<----------
14:33:35.690 [main] INFO  com.test.utilities.Utility - Thread is : 1In set_username Method
14:33:35.690 [main] INFO  com.test.utilities.Utility - Class Details : com.test.businesslogic.LoginPage.set_username(String username)
14:33:35.690 [main] DEBUG com.test.utilities.Utility - UserName Send is : tutorial
14:33:35.784 [main] INFO  com.test.utilities.Utility - Thread is : 1Method Completed
14:33:35.784 [main] INFO  com.test.utilities.Utility - Thread is : 1In set_password Method
14:33:35.784 [main] INFO  com.test.utilities.Utility - com.test.businesslogic.LoginPage.set_password(String password)
14:33:35.865 [main] INFO  com.test.utilities.Utility - Thread is : 1Method Completed
14:33:35.865 [main] INFO  com.test.utilities.Utility - Thread is : 1In click_SignIn Method
14:33:35.866 [main] INFO  com.test.utilities.Utility - com.test.businesslogic.LoginPage.click_SignIn()
14:33:44.466 [main] INFO  com.test.utilities.Utility - Thread is : 1Method Completed
14:33:44.474 [main] INFO  com.test.utilities.Utility - ---------->> In login_Page Method - True :: Completed <<----------
14:36:08.505 [main] INFO  com.test.utilities.Utility - ===================================================================================================================
14:36:08.509 [main] INFO  com.test.utilities.Utility -                                          Testing Execution Starts                                                  
14:36:08.509 [main] INFO  com.test.utilities.Utility - ===================================================================================================================
14:36:08.509 [main] INFO  com.test.utilities.Utility - The Browser is : chromeThe Thread is : 1
14:36:08.593 [main] INFO  com.test.utilities.Utility - Thread is : 1 ---------->> Starting to Load Chrome Browser <<----------
14:36:08.593 [main] INFO  com.test.utilities.Utility - Class Details : com.test.utilities.Utility.load_chrome()
14:36:11.368 [main] INFO  com.test.utilities.Utility - Thread is : 1---------->> Chrome Browser Loaded <<----------
14:36:13.752 [main] INFO  com.test.utilities.Utility - Thread is : 1 ---------->> Starting to Load URL <<----------
14:36:13.752 [main] INFO  com.test.utilities.Utility - Class Details : com.test.utilities.Utility.load_url()
14:36:16.045 [main] INFO  com.test.utilities.Utility - Thread is : 1 ---------->> URL Loaded <<----------
14:36:16.067 [main] INFO  com.test.utilities.Utility - ---------->> In login_Page Method True <<----------
14:36:16.080 [main] INFO  com.test.utilities.Utility - Thread is : 1In set_username Method
14:36:16.080 [main] INFO  com.test.utilities.Utility - Class Details : com.test.businesslogic.LoginPage.set_username(String username)
14:36:16.080 [main] DEBUG com.test.utilities.Utility - UserName Send is : tutorial
