01:36:04.039 [main] INFO  com.test.utilities.Utility - ===================================================================================================================
01:36:04.043 [main] INFO  com.test.utilities.Utility -                                          Testing Execution Starts                                                  
01:36:04.044 [main] INFO  com.test.utilities.Utility - ===================================================================================================================
01:36:04.044 [main] INFO  com.test.utilities.Utility - The Browser is : chromeThe Thread is : 1
01:36:04.113 [main] INFO  com.test.utilities.Utility - Thread is : 1 ---------->> Starting to Load Chrome Browser <<----------
01:36:04.114 [main] INFO  com.test.utilities.Utility - Class Details : com.test.utilities.Utility.load_chrome()
01:36:07.694 [main] INFO  com.test.utilities.Utility - Thread is : 1---------->> Chrome Browser Loaded <<----------
01:36:09.774 [main] INFO  com.test.utilities.Utility - Thread is : 1 ---------->> Starting to Load URL <<----------
01:36:09.774 [main] INFO  com.test.utilities.Utility - Class Details : com.test.utilities.Utility.load_url()
01:36:12.322 [main] INFO  com.test.utilities.Utility - Thread is : 1 ---------->> URL Loaded <<----------
01:36:12.366 [main] INFO  com.test.utilities.Utility - ---------->> In login_Page Method True <<----------
01:36:12.404 [main] INFO  com.test.utilities.Utility - Thread is : 1In set_username Method
01:36:12.404 [main] INFO  com.test.utilities.Utility - Class Details : com.test.businesslogic.LoginPage.set_username(String username)
01:36:12.404 [main] DEBUG com.test.utilities.Utility - UserName Send is : tutorial
01:36:12.518 [main] INFO  com.test.utilities.Utility - Thread is : 1Method Completed
01:36:12.519 [main] INFO  com.test.utilities.Utility - Thread is : 1In set_password Method
01:36:12.519 [main] INFO  com.test.utilities.Utility - com.test.businesslogic.LoginPage.set_password(String password)
01:36:12.615 [main] INFO  com.test.utilities.Utility - Thread is : 1Method Completed
01:36:12.615 [main] INFO  com.test.utilities.Utility - Thread is : 1In click_SignIn Method
01:36:12.615 [main] INFO  com.test.utilities.Utility - com.test.businesslogic.LoginPage.click_SignIn()
01:36:21.155 [main] INFO  com.test.utilities.Utility - Thread is : 1Method Completed
01:36:21.160 [main] INFO  com.test.utilities.Utility - ---------->> In login_Page Method - True :: Completed <<----------
14:20:55.110 [main] INFO  com.test.utilities.Utility - ===================================================================================================================
14:20:55.145 [main] INFO  com.test.utilities.Utility -                                          Testing Execution Starts                                                  
14:20:55.145 [main] INFO  com.test.utilities.Utility - ===================================================================================================================
14:20:55.146 [main] INFO  com.test.utilities.Utility - The Browser is : chromeThe Thread is : 1
14:20:55.310 [main] INFO  com.test.utilities.Utility - Thread is : 1 ---------->> Starting to Load Chrome Browser <<----------
14:20:55.310 [main] INFO  com.test.utilities.Utility - Class Details : com.test.utilities.Utility.load_chrome()
14:20:59.649 [main] INFO  com.test.utilities.Utility - Thread is : 1---------->> Chrome Browser Loaded <<----------
14:21:01.463 [main] INFO  com.test.utilities.Utility - Thread is : 1 ---------->> Starting to Load URL <<----------
14:21:01.464 [main] INFO  com.test.utilities.Utility - Class Details : com.test.utilities.Utility.load_url()
14:21:04.245 [main] INFO  com.test.utilities.Utility - Thread is : 1 ---------->> URL Loaded <<----------
14:21:04.282 [main] INFO  com.test.utilities.Utility - ---------->> In login_Page Method True <<----------
14:21:04.327 [main] INFO  com.test.utilities.Utility - Thread is : 1In set_username Method
14:21:04.328 [main] INFO  com.test.utilities.Utility - Class Details : com.test.businesslogic.LoginPage.set_username(String username)
14:21:04.328 [main] DEBUG com.test.utilities.Utility - UserName Send is : tutorial
14:21:04.446 [main] INFO  com.test.utilities.Utility - Thread is : 1Method Completed
14:21:04.446 [main] INFO  com.test.utilities.Utility - Thread is : 1In set_password Method
14:21:04.446 [main] INFO  com.test.utilities.Utility - com.test.businesslogic.LoginPage.set_password(String password)
14:21:04.527 [main] INFO  com.test.utilities.Utility - Thread is : 1Method Completed
14:21:04.528 [main] INFO  com.test.utilities.Utility - Thread is : 1In click_SignIn Method
14:21:04.528 [main] INFO  com.test.utilities.Utility - com.test.businesslogic.LoginPage.click_SignIn()
14:21:13.206 [main] INFO  com.test.utilities.Utility - Thread is : 1Method Completed
14:21:13.212 [main] INFO  com.test.utilities.Utility - ---------->> In login_Page Method - True :: Completed <<----------
